<?xml version="1.0" encoding="UTF-8"?>
<!-- Generated by org.testng.reporters.JUnitXMLReporter -->
<testsuite ignored="0" hostname="LAPTOP-QMTC14CJ" failures="1" tests="9" name="FirefoxTest" time="89.081" errors="0" timestamp="29 May 2023 14:42:47 GMT">
  <testcase classname="testCases.LoginPageTestCases" name="loginUsingValidCredentials" time="2.177"/>
  <testcase classname="testCases.HomePageTestCases" name="isCalculatorDisplayedOnIconClick" time="2.607"/>
  <testcase classname="testCases.UserManagementTestCases" name="isMenuExpansionDisplayed" time="2.946"/>
  <testcase classname="testCases.LoginPageTestCases" name="loginUsingInvalidCredentials" time="0.767"/>
  <testcase classname="testCases.HomePageTestCases" name="isUserAbleToLogOut" time="3.447"/>
  <testcase classname="testCases.UserManagementTestCases" name="addNewUser" time="6.136">
    <failure type="org.openqa.selenium.ElementNotInteractableException" message="Element &amp;lt;option&amp;gt; could not be scrolled into view
Build info: version: &amp;apos;4.8.3&amp;apos;, revision: &amp;apos;e5e76298c3&amp;apos;
System info: os.name: &amp;apos;Windows 10&amp;apos;, os.arch: &amp;apos;amd64&amp;apos;, os.version: &amp;apos;10.0&amp;apos;, java.version: &amp;apos;11.0.1&amp;apos;
Driver info: org.openqa.selenium.firefox.FirefoxDriver
Command: [fe48af62-9e45-42d4-9f6d-08b2a23f1aeb, clickElement {id=cce643c1-08f9-4ae2-8aab-481515ed01f3}]
Capabilities {acceptInsecureCerts: true, browserName: firefox, browserVersion: 108.0.1, moz:accessibilityChecks: false, moz:buildID: 20221215175817, moz:debuggerAddress: 127.0.0.1:6940, moz:geckodriverVersion: 0.33.0, moz:headless: false, moz:platformVersion: 10.0, moz:processID: 15624, moz:profile: C:\Users\nithi\AppData\Loca..., moz:shutdownTimeout: 60000, moz:useNonSpecCompliantPointerOrigin: false, moz:webdriverClick: true, moz:windowless: false, pageLoadStrategy: normal, platformName: WINDOWS, proxy: Proxy(), se:cdp: ws://127.0.0.1:6940/devtool..., se:cdpVersion: 85.0, setWindowRect: true, strictFileInteractability: false, timeouts: {implicit: 0, pageLoad: 300000, script: 30000}, unhandledPromptBehavior: dismiss and notify}
Element: [[[[FirefoxDriver: firefox on WINDOWS (fe48af62-9e45-42d4-9f6d-08b2a23f1aeb)] -&amp;gt; xpath: //select[@id=&amp;apos;role&amp;apos;]]] -&amp;gt; xpath: .//option[normalize-space(.) = &amp;quot;Supervisor&amp;quot;]]
Session ID: fe48af62-9e45-42d4-9f6d-08b2a23f1aeb">
      <![CDATA[org.openqa.selenium.ElementNotInteractableException: Element <option> could not be scrolled into view
Build info: version: '4.8.3', revision: 'e5e76298c3'
System info: os.name: 'Windows 10', os.arch: 'amd64', os.version: '10.0', java.version: '11.0.1'
Driver info: org.openqa.selenium.firefox.FirefoxDriver
Command: [fe48af62-9e45-42d4-9f6d-08b2a23f1aeb, clickElement {id=cce643c1-08f9-4ae2-8aab-481515ed01f3}]
Capabilities {acceptInsecureCerts: true, browserName: firefox, browserVersion: 108.0.1, moz:accessibilityChecks: false, moz:buildID: 20221215175817, moz:debuggerAddress: 127.0.0.1:6940, moz:geckodriverVersion: 0.33.0, moz:headless: false, moz:platformVersion: 10.0, moz:processID: 15624, moz:profile: C:\Users\nithi\AppData\Loca..., moz:shutdownTimeout: 60000, moz:useNonSpecCompliantPointerOrigin: false, moz:webdriverClick: true, moz:windowless: false, pageLoadStrategy: normal, platformName: WINDOWS, proxy: Proxy(), se:cdp: ws://127.0.0.1:6940/devtool..., se:cdpVersion: 85.0, setWindowRect: true, strictFileInteractability: false, timeouts: {implicit: 0, pageLoad: 300000, script: 30000}, unhandledPromptBehavior: dismiss and notify}
Element: [[[[FirefoxDriver: firefox on WINDOWS (fe48af62-9e45-42d4-9f6d-08b2a23f1aeb)] -> xpath: //select[@id='role']]] -> xpath: .//option[normalize-space(.) = "Supervisor"]]
Session ID: fe48af62-9e45-42d4-9f6d-08b2a23f1aeb
	at org.openqa.selenium.remote.codec.w3c.W3CHttpResponseCodec.createException(W3CHttpResponseCodec.java:200)
	at org.openqa.selenium.remote.codec.w3c.W3CHttpResponseCodec.decode(W3CHttpResponseCodec.java:133)
	at org.openqa.selenium.remote.codec.w3c.W3CHttpResponseCodec.decode(W3CHttpResponseCodec.java:53)
	at org.openqa.selenium.remote.HttpCommandExecutor.execute(HttpCommandExecutor.java:193)
	at org.openqa.selenium.remote.service.DriverCommandExecutor.invokeExecute(DriverCommandExecutor.java:183)
	at org.openqa.selenium.remote.service.DriverCommandExecutor.execute(DriverCommandExecutor.java:158)
	at org.openqa.selenium.remote.RemoteWebDriver.execute(RemoteWebDriver.java:543)
	at org.openqa.selenium.remote.RemoteWebElement.execute(RemoteWebElement.java:257)
	at org.openqa.selenium.remote.RemoteWebElement.click(RemoteWebElement.java:78)
	at org.openqa.selenium.support.ui.Select.setSelected(Select.java:320)
	at org.openqa.selenium.support.ui.Select.selectByVisibleText(Select.java:119)
	at utilities.GeneralUtilities.selectElementFromDropdown(GeneralUtilities.java:47)
	at elementRepository.UserManagementPage.selectRole(UserManagementPage.java:101)
	at testCases.UserManagementTestCases.addNewUser(UserManagementTestCases.java:37)
... Removed 29 stack frames]]>
    </failure>
  </testcase> <!-- addNewUser -->
  <testcase classname="testCases.LoginPageTestCases" name="passwordResetWithValidEmail" time="1.685"/>
  <testcase classname="testCases.UserManagementTestCases" name="checkSearchFunctionality" time="7.659"/>
  <testcase classname="testCases.LoginPageTestCases" name="passwordResetWithInvalidEmail" time="1.284"/>
</testsuite> <!-- FirefoxTest -->
